<?xml version="1.0" encoding="UTF-8"?>
<testsuite xmlns:xsi="http://www.w3.org/2001/XMLSchema-instance" xsi:noNamespaceSchemaLocation="https://maven.apache.org/surefire/maven-surefire-plugin/xsd/surefire-test-report-3.0.xsd" version="3.0" name="com.gcu.Topic32ApplicationTests" time="2.475" tests="1" errors="0" skipped="0" failures="0">
  <properties>
[...]
</properties>
  <testcase name="contextLoads" classname="com.gcu.Topic32ApplicationTests" time="0.45">
    <system-out><![CDATA[19:23:05.317 [main] INFO org.springframework.test.context.support.AnnotationConfigContextLoaderUtils -- Could not detect default configuration classes for test class [com.gcu.Topic32ApplicationTests]: Topic32ApplicationTests does not declare any static, non-private, non-final, nested classes annotated with @Configuration.
19:23:05.368 [main] INFO org.springframework.boot.test.context.SpringBootTestContextBootstrapper -- Found @SpringBootConfiguration com.gcu.Topic41Application for test class com.gcu.Topic32ApplicationTests
19:23:05.449 [main] INFO org.springframework.boot.devtools.restart.RestartApplicationListener -- Restart disabled due to context in which it is running
19:23:05,243 |-INFO in ch.qos.logback.classic.LoggerContext[default] - This is logback-classic version 1.4.14
19:23:05,244 |-INFO in ch.qos.logback.classic.util.ContextInitializer@54534abf - Here is a list of configurators discovered as a service, by rank: 
19:23:05,244 |-INFO in ch.qos.logback.classic.util.ContextInitializer@54534abf -   org.springframework.boot.logging.logback.RootLogLevelConfigurator
19:23:05,244 |-INFO in ch.qos.logback.classic.util.ContextInitializer@54534abf - They will be invoked in order until ExecutionStatus.DO_NOT_INVOKE_NEXT_IF_ANY is returned.
19:23:05,244 |-INFO in ch.qos.logback.classic.util.ContextInitializer@54534abf - Constructed configurator of type class org.springframework.boot.logging.logback.RootLogLevelConfigurator
19:23:05,249 |-INFO in ch.qos.logback.classic.util.ContextInitializer@54534abf - org.springframework.boot.logging.logback.RootLogLevelConfigurator.configure() call lasted 1 milliseconds. ExecutionStatus=INVOKE_NEXT_IF_ANY
19:23:05,249 |-INFO in ch.qos.logback.classic.util.ContextInitializer@54534abf - Trying to configure with ch.qos.logback.classic.joran.SerializedModelConfigurator
19:23:05,249 |-INFO in ch.qos.logback.classic.util.ContextInitializer@54534abf - Constructed configurator of type class ch.qos.logback.classic.joran.SerializedModelConfigurator
19:23:05,251 |-INFO in ch.qos.logback.classic.LoggerContext[default] - Could NOT find resource [logback-test.scmo]
19:23:05,251 |-INFO in ch.qos.logback.classic.LoggerContext[default] - Could NOT find resource [logback.scmo]
19:23:05,251 |-INFO in ch.qos.logback.classic.util.ContextInitializer@54534abf - ch.qos.logback.classic.joran.SerializedModelConfigurator.configure() call lasted 2 milliseconds. ExecutionStatus=INVOKE_NEXT_IF_ANY
19:23:05,251 |-INFO in ch.qos.logback.classic.util.ContextInitializer@54534abf - Trying to configure with ch.qos.logback.classic.util.DefaultJoranConfigurator
19:23:05,251 |-INFO in ch.qos.logback.classic.util.ContextInitializer@54534abf - Constructed configurator of type class ch.qos.logback.classic.util.DefaultJoranConfigurator
19:23:05,251 |-INFO in ch.qos.logback.classic.LoggerContext[default] - Could NOT find resource [logback-test.xml]
19:23:05,251 |-INFO in ch.qos.logback.classic.LoggerContext[default] - Could NOT find resource [logback.xml]
19:23:05,251 |-INFO in ch.qos.logback.classic.util.ContextInitializer@54534abf - ch.qos.logback.classic.util.DefaultJoranConfigurator.configure() call lasted 0 milliseconds. ExecutionStatus=INVOKE_NEXT_IF_ANY
19:23:05,251 |-INFO in ch.qos.logback.classic.util.ContextInitializer@54534abf - Trying to configure with ch.qos.logback.classic.BasicConfigurator
19:23:05,252 |-INFO in ch.qos.logback.classic.util.ContextInitializer@54534abf - Constructed configurator of type class ch.qos.logback.classic.BasicConfigurator
19:23:05,252 |-INFO in ch.qos.logback.classic.BasicConfigurator@51745f40 - Setting up default configuration.
19:23:05,263 |-INFO in ch.qos.logback.classic.util.ContextInitializer@54534abf - ch.qos.logback.classic.BasicConfigurator.configure() call lasted 11 milliseconds. ExecutionStatus=NEUTRAL
19:23:05,586 |-INFO in ch.qos.logback.core.model.processor.AppenderModelHandler - Processing appender named [Console]
19:23:05,586 |-INFO in ch.qos.logback.core.model.processor.AppenderModelHandler - About to instantiate appender of type [ch.qos.logback.core.ConsoleAppender]
19:23:05,595 |-INFO in ch.qos.logback.core.model.processor.AppenderModelHandler - Processing appender named [GcuConsole]
19:23:05,595 |-INFO in ch.qos.logback.core.model.processor.AppenderModelHandler - About to instantiate appender of type [ch.qos.logback.core.ConsoleAppender]
19:23:05,596 |-INFO in ch.qos.logback.core.model.processor.AppenderModelHandler - Processing appender named [RollingFile]
19:23:05,596 |-INFO in ch.qos.logback.core.model.processor.AppenderModelHandler - About to instantiate appender of type [ch.qos.logback.core.rolling.RollingFileAppender]
19:23:05,601 |-INFO in c.q.l.core.rolling.TimeBasedRollingPolicy@1164394344 - No compression will be used
19:23:05,601 |-INFO in c.q.l.core.rolling.TimeBasedRollingPolicy@1164394344 - Will use the pattern logs/archived/spring-boot-logger-%d{yyyy-MM-dd}.%i.log for the active file
19:23:05,613 |-INFO in ch.qos.logback.core.rolling.SizeAndTimeBasedFNATP@27abb83e - The date pattern is 'yyyy-MM-dd' from file name pattern 'logs/archived/spring-boot-logger-%d{yyyy-MM-dd}.%i.log'.
19:23:05,613 |-INFO in ch.qos.logback.core.rolling.SizeAndTimeBasedFNATP@27abb83e - Roll-over at midnight.
19:23:05,618 |-INFO in ch.qos.logback.core.rolling.SizeAndTimeBasedFNATP@27abb83e - Setting initial period to 2024-11-07T02:10:04.843Z
19:23:05,618 |-WARN in ch.qos.logback.core.rolling.SizeAndTimeBasedFNATP@27abb83e - SizeAndTimeBasedFNATP is deprecated. Use SizeAndTimeBasedRollingPolicy instead
19:23:05,618 |-WARN in ch.qos.logback.core.rolling.SizeAndTimeBasedFNATP@27abb83e - For more information see http://logback.qos.ch/manual/appenders.html#SizeAndTimeBasedRollingPolicy
19:23:05,621 |-INFO in ch.qos.logback.core.rolling.RollingFileAppender[RollingFile] - Active log file name: logs/spring-boot-logger.log
19:23:05,621 |-INFO in ch.qos.logback.core.rolling.RollingFileAppender[RollingFile] - File property is set to [logs/spring-boot-logger.log]
19:23:05,621 |-INFO in ch.qos.logback.classic.model.processor.RootLoggerModelHandler - Setting level of ROOT logger to INFO
19:23:05,621 |-INFO in ch.qos.logback.classic.jul.LevelChangePropagator@69e308c6 - Propagating INFO level on Logger[ROOT] onto the JUL framework
19:23:05,622 |-INFO in ch.qos.logback.core.model.processor.AppenderRefModelHandler - Attaching appender named [RollingFile] to Logger[ROOT]
19:23:05,622 |-INFO in ch.qos.logback.core.model.processor.AppenderRefModelHandler - Attaching appender named [Console] to Logger[ROOT]
19:23:05,622 |-INFO in ch.qos.logback.classic.model.processor.LoggerModelHandler - Setting level of logger [com.gcu] to TRACE
19:23:05,622 |-INFO in ch.qos.logback.classic.jul.LevelChangePropagator@69e308c6 - Propagating TRACE level on Logger[com.gcu] onto the JUL framework
19:23:05,623 |-INFO in ch.qos.logback.classic.model.processor.LoggerModelHandler - Setting additivity of logger [com.gcu] to false
19:23:05,623 |-INFO in ch.qos.logback.core.model.processor.AppenderRefModelHandler - Attaching appender named [RollingFile] to Logger[com.gcu]
19:23:05,623 |-INFO in ch.qos.logback.core.model.processor.AppenderRefModelHandler - Attaching appender named [GcuConsole] to Logger[com.gcu]
19:23:05,623 |-INFO in ch.qos.logback.classic.model.processor.LoggerModelHandler - Setting level of logger [com.gcu.util.Tracer] to TRACE
19:23:05,623 |-INFO in ch.qos.logback.classic.jul.LevelChangePropagator@69e308c6 - Propagating TRACE level on Logger[com.gcu.util.Tracer] onto the JUL framework
19:23:05,623 |-INFO in ch.qos.logback.classic.model.processor.LoggerModelHandler - Setting additivity of logger [com.gcu.util.Tracer] to false
19:23:05,623 |-INFO in ch.qos.logback.core.model.processor.AppenderRefModelHandler - Attaching appender named [RollingFile] to Logger[com.gcu.util.Tracer]
19:23:05,623 |-INFO in ch.qos.logback.core.model.processor.AppenderRefModelHandler - Attaching appender named [GcuConsole] to Logger[com.gcu.util.Tracer]
19:23:05,623 |-INFO in ch.qos.logback.core.model.processor.DefaultProcessor@1a1ed4e5 - End of configuration.
19:23:05,623 |-INFO in org.springframework.boot.logging.logback.SpringBootJoranConfigurator@667e34b1 - Registering current configuration as safe fallback point


  .   ____          _            __ _ _
 /\\ / ___'_ __ _ _(_)_ __  __ _ \ \ \ \
( ( )\___ | '_ | '_| | '_ \/ _` | \ \ \ \
 \\/  ___)| |_)| | | | | || (_| |  ) ) ) )
  '  |____| .__|_| |_|_| |_\__, | / / / /
 =========|_|==============|___/=/_/_/_/
19:23:05.649 [background-preinit] INFO  o.h.validator.internal.util.Version - HV000001: Hibernate Validator 8.0.1.Final
&amp#27;[32m :: Spring Boot :: &amp#27;[39m              &amp#27;[2m (v3.2.2)&amp#27;[0;39m

19:23:06.106 [main] INFO  o.s.d.r.c.RepositoryConfigurationDelegate - Bootstrapping Spring Data JDBC repositories in DEFAULT mode.
19:23:06.118 [main] INFO  o.s.d.r.c.RepositoryConfigurationDelegate - Finished Spring Data repository scanning in 9 ms. Found 0 JDBC repository interfaces.
19:23:06.261 [main] WARN  o.s.c.s.PostProcessorRegistrationDelegate$BeanPostProcessorChecker - Bean 'appConfiguration' of type [com.gcu.util.AppConfiguration$$SpringCGLIB$$0] is not eligible for getting processed by all BeanPostProcessors (for example: not eligible for auto-proxying). Is this bean getting eagerly injected into a currently created BeanPostProcessor [projectingArgumentResolverBeanPostProcessor]? Check the corresponding BeanPostProcessor declaration and its dependencies.
19:23:06.265 [main] WARN  o.s.c.s.PostProcessorRegistrationDelegate$BeanPostProcessorChecker - Bean 'tracer' of type [com.gcu.util.Tracer] is not eligible for getting processed by all BeanPostProcessors (for example: not eligible for auto-proxying). Is this bean getting eagerly injected into a currently created BeanPostProcessor [projectingArgumentResolverBeanPostProcessor]? Check the corresponding BeanPostProcessor declaration and its dependencies.
19:23:06.265 [main] WARN  o.s.c.s.PostProcessorRegistrationDelegate$BeanPostProcessorChecker - Bean 'performanceMonitorAdvisor' of type [org.springframework.aop.support.DefaultPointcutAdvisor] is not eligible for getting processed by all BeanPostProcessors (for example: not eligible for auto-proxying). Is this bean getting eagerly injected into a currently created BeanPostProcessor [projectingArgumentResolverBeanPostProcessor]? Check the corresponding BeanPostProcessor declaration and its dependencies.
19:23:06.880 [main] INFO  com.zaxxer.hikari.HikariDataSource - HikariPool-1 - Starting...
19:23:07.116 [main] INFO  com.zaxxer.hikari.pool.HikariPool - HikariPool-1 - Added connection com.mysql.cj.jdbc.ConnectionImpl@290807e5
19:23:07.118 [main] INFO  com.zaxxer.hikari.HikariDataSource - HikariPool-1 - Start completed.
]]></system-out>
    <system-err><![CDATA[WARNING: A Java agent has been loaded dynamically (/Users/joeabraham/.m2/repository/net/bytebuddy/byte-buddy-agent/1.14.11/byte-buddy-agent-1.14.11.jar)
WARNING: If a serviceability tool is in use, please run with -XX:+EnableDynamicAgentLoading to hide this warning
WARNING: If a serviceability tool is not in use, please run with -Djdk.instrument.traceUsage for more information
WARNING: Dynamic loading of agents will be disallowed by default in a future release
]]></system-err>
  </testcase>
</testsuite>